----------------------------------------------------------------
Mon May 11 22:15:35 EEST 2026:
Booting Derby version The Apache Software Foundation - Apache Derby - 10.14.2.0 - (1828579): instance a816c00e-019e-1877-5a3a-000005100a60 
on database directory C:\Users\Alexandru\Desktop\Master\Anul_2\Semestrul_2\Integrare_informationala\Part_2\dsa_sparksql_service\metastore_db with class loader jdk.internal.loader.ClassLoaders$AppClassLoader@76ed5528 
Loaded from file:/C:/Users/Alexandru/.m2/repository/org/apache/derby/derby/10.14.2.0/derby-10.14.2.0.jar
java.vendor=Microsoft
java.runtime.version=21.0.11+10-LTS
user.dir=C:\Users\Alexandru\Desktop\Master\Anul_2\Semestrul_2\Integrare_informationala\Part_2\dsa_sparksql_service
os.name=Windows 11
os.arch=amd64
os.version=10.0
derby.system.home=null
Database Class Loader started - derby.database.classpath=''
----------------------------------------------------------------
Mon May 11 22:38:33 EEST 2026:
Booting Derby version The Apache Software Foundation - Apache Derby - 10.14.2.0 - (1828579): instance 8822c4d3-019e-1877-5a3a-000005100a60 
on database directory memory:C:\Users\Alexandru\Desktop\Master\Anul_2\Semestrul_2\Integrare_informationala\Part_2\dsa_sparksql_service with class loader jdk.internal.loader.ClassLoaders$AppClassLoader@76ed5528 
Loaded from file:/C:/Users/Alexandru/.m2/repository/org/apache/derby/derby/10.14.2.0/derby-10.14.2.0.jar
java.vendor=Microsoft
java.runtime.version=21.0.11+10-LTS
user.dir=C:\Users\Alexandru\Desktop\Master\Anul_2\Semestrul_2\Integrare_informationala\Part_2\dsa_sparksql_service
os.name=Windows 11
os.arch=amd64
os.version=10.0
derby.system.home=null
Database Class Loader started - derby.database.classpath=''
